<?xml version="1.0" encoding="UTF-8"?>
<!-- $Id: mic.module.xml 26 2005-10-22 16:27:16Z mic $ -->
<!-- Copyright (c) 2005-2009 michele.bianchi@gmail.com -->
<!-- All rights reserved. -->
<!-- :xml.validate=true: -->
<beans xmlns:xsi="http://www.w3.org/2001/XMLSchema-instance"
 xmlns="http://www.springframework.org/schema/beans"
 xmlns:context="http://www.springframework.org/schema/context"
 xmlns:util="http://www.springframework.org/schema/util"
 xmlns:aop="http://www.springframework.org/schema/aop"
 xmlns:tx="http://www.springframework.org/schema/tx"
 xmlns:p="http://www.springframework.org/schema/p"
 xsi:schemaLocation="
  http://www.springframework.org/schema/beans http://www.springframework.org/schema/beans/spring-beans-3.1.xsd
  http://www.springframework.org/schema/context http://www.springframework.org/schema/context/spring-context-3.1.xsd
  http://www.springframework.org/schema/util http://www.springframework.org/schema/util/spring-util-3.1.xsd
  http://www.springframework.org/schema/aop http://www.springframework.org/schema/aop/spring-aop-3.1.xsd
  http://www.springframework.org/schema/tx http://www.springframework.org/schema/tx/spring-tx-3.1.xsd
  ">

 <!--================================================================-->
 <!--   config                                                         -->
 <!--================================================================-->
 <!-- Instruct Spring to perform declarative transaction management automatically on annotated classes. -->
 <tx:annotation-driven transaction-manager="transactionManager" proxy-target-class="true"/>

 <!--  -->
 <bean class="org.springframework.orm.jpa.support.PersistenceAnnotationBeanPostProcessor"/>


 <!--================================================================-->
 <!--   Transaction manager                                            -->
 <!--================================================================-->
 <!-- Transaction manager for a single JPA EntityManagerFactory (alternative to JTA) -->
 <bean id="transactionManager" class="org.springframework.orm.jpa.JpaTransactionManager"
       p:entityManagerFactory-ref="entityManagerFactory"
       >
 </bean>

 <!--================================================================-->
 <!--   entityManagerFactory                                           -->
 <!--================================================================-->
 <!-- entityManagerFactory: full-featured in spring app, no jndi -->
 <bean id="entityManagerFactory"
       class="org.springframework.orm.jpa.LocalContainerEntityManagerFactoryBean"
       p:dataSource-ref="dataSource"
       p:persistenceXmlLocation="mic/contacta/test-persistence.xml"
       p:persistenceUnitName="test-persistence-unit"
       >
 </bean>

 <!--================================================================-->
 <!--    datasource                                                    -->
 <!--================================================================-->
 <bean id="dataSource" class="org.apache.commons.dbcp.BasicDataSource" destroy-method="close"
       p:driverClassName="org.h2.Driver"
       p:url="jdbc:h2:mem"
       p:username="sa"
       p:password="organic"
       />

 <!--================================================================-->
 <!--    jasypt/organicEncryptor                                     -->
 <!--================================================================-->
 <bean id="organicEncryptor" class="org.jasypt.encryption.pbe.PooledPBEStringEncryptor">
  <property name="algorithm">
   <value>PBEWithMD5AndDES</value>  <!-- PBEWithMD5AndTripleDES -->
  </property>
  <property name="password">
   <value>organic</value>
  </property>
  <property name="poolSize">
   <value>4</value>
  </property>
 </bean>

 <bean id="organicHibernateStringEncryptor" class="org.jasypt.hibernate.encryptor.HibernatePBEStringEncryptor">
  <property name="registeredName">
   <value>organicHibernateStringEncryptor</value>
  </property>
  <property name="encryptor">
   <ref bean="organicEncryptor"/>
  </property>
 </bean>

</beans>
