<?xml version="1.0" encoding="UTF-8"?>
<entity-mappings xmlns="http://java.sun.com/xml/ns/persistence/orm" xmlns:xsi="http://www.w3.org/2001/XMLSchema-instance" xsi:schemaLocation="http://java.sun.com/xml/ns/persistence/orm http://java.sun.com/xml/ns/persistence/orm_2_0.xsd" version="2.0">

 <!-- real jpa entities -->
 <entity class="mic.organic.aaa.model.PersonModel"><table name="abper"/></entity>
 <entity class="mic.organic.aaa.model.AddressModel"><table name="abadr"/></entity>
 <entity class="mic.organic.aaa.model.OrganizationModel"><table name="aborg"/></entity>
 <entity class="mic.organic.aaa.model.GroupModel"><table name="acgrp"/></entity>
 <entity class="mic.organic.aaa.model.RoleModel"><table name="acrol"/></entity>
 <entity class="mic.organic.aaa.model.AccountModel"><table name="acacc"/></entity>

 <entity class="mic.contacta.domain.ProductModel"/>
 <entity class="mic.contacta.domain.PhoneModel"/>
 <entity class="mic.contacta.domain.SipAccountModel"/>
 <entity class="mic.contacta.domain.CoverageModel"/>
 <entity class="mic.contacta.domain.CocModel"/>
 <entity class="mic.contacta.domain.SipUserModel"/>
 <entity class="mic.contacta.domain.VoicemailModel"/>
 <entity class="mic.contacta.domain.ExtenModel"/>
 <entity class="mic.contacta.domain.ConferenceModel"/>
 <entity class="mic.contacta.domain.AppointmentModel"/>

 <entity class="mic.contacta.domain.PbxContextModel"/>
 <entity class="mic.contacta.domain.PbxProfileModel"/>
</entity-mappings>
